<?xml version="1.0" encoding="UTF-8"?>
<!-- Generated by org.testng.reporters.JUnitXMLReporter -->
<testsuite ignored="0" hostname="LAPTOP-7EL4I75L" failures="0" tests="3" name="Test" time="36.74" errors="0" timestamp="2022-07-23T21:47:22 IST">
  <testcase classname="Movie_Testing.Pushpa_The_Rise_Testing.Testpage1" name="Assert" time="0.026"/>
  <testcase classname="Movie_Testing.Pushpa_The_Rise_Testing.Testpage1" name="IMDB" time="20.991"/>
  <testcase classname="Movie_Testing.Pushpa_The_Rise_Testing.Testpage1" name="WIKI" time="15.639"/>
</testsuite> <!-- Test -->
