<?xml version="1.0" encoding="UTF-8"?>
<testng-results ignored="0" total="3" passed="3" failed="0" skipped="0">
  <reporter-output>
  </reporter-output>
  <suite started-at="2022-07-23T21:46:45 IST" name="Suite" finished-at="2022-07-23T21:47:22 IST" duration-ms="36740">
    <groups>
    </groups>
    <test started-at="2022-07-23T21:46:45 IST" name="Test" finished-at="2022-07-23T21:47:22 IST" duration-ms="36740">
      <class name="Movie_Testing.Pushpa_The_Rise_Testing.Testpage1">
        <test-method signature="Assert()[pri:0, instance:Movie_Testing.Pushpa_The_Rise_Testing.Testpage1@12468a38]" started-at="2022-07-23T21:46:45 IST" name="Assert" finished-at="2022-07-23T21:46:45 IST" duration-ms="26" status="PASS">
          <reporter-output>
          </reporter-output>
        </test-method> <!-- Assert -->
        <test-method signature="IMDB()[pri:0, instance:Movie_Testing.Pushpa_The_Rise_Testing.Testpage1@12468a38]" started-at="2022-07-23T21:46:45 IST" name="IMDB" finished-at="2022-07-23T21:47:06 IST" duration-ms="20991" status="PASS">
          <reporter-output>
          </reporter-output>
        </test-method> <!-- IMDB -->
        <test-method signature="WIKI()[pri:0, instance:Movie_Testing.Pushpa_The_Rise_Testing.Testpage1@12468a38]" started-at="2022-07-23T21:47:06 IST" name="WIKI" finished-at="2022-07-23T21:47:22 IST" duration-ms="15639" status="PASS">
          <reporter-output>
          </reporter-output>
        </test-method> <!-- WIKI -->
      </class> <!-- Movie_Testing.Pushpa_The_Rise_Testing.Testpage1 -->
    </test> <!-- Test -->
  </suite> <!-- Suite -->
</testng-results>
